(NOR)...
===========================================================
                                               Byte Cluster
===========================================================
FS Total Size                               4194304 
FS First Drive Size                               0 
FS Overhead for (MBR + PBR + Root Dir)        11264
FDM Overhead (NOR)                                 132096
===========================================================
Free Space for Folders and Applications     4050944    3956

-----------------------------------------------------------
Cluster Size                                   1024       1
-----------------------------------------------------------
FAT Overhead for Sub Dir                       6144       6
-----------------------------------------------------------
Package file size                                         0
Info file A                                               0
Info file B                                               0
Extra size                                                0
NVRAM_EF_SYS_LID                                 72       2
NVRAM_EF_BRANCH_VERNO_LID                        36       1
NVRAM_EF_FLAVOR_VERNO_LID                        36       1
NVRAM_EF_SECUPACK_VERNO_LID                       4       1
NVRAM_EF_NVRAM_CONFIG_LID                       260       2
NVRAM_EF_SYS_EXCEPTION_LID                     5140       6
NVRAM_EF_SYS_STATISTICS_LID                    1078       2
NVRAM_EF_IMPT_COUNTER_LID                         4       1
NVRAM_EF_L1_AGCPATHLOSS_LID                     262       1
NVRAM_EF_L1_RAMPTABLE_GSM850_LID                666       1
NVRAM_EF_L1_RAMPTABLE_GSM900_LID                666       1
NVRAM_EF_L1_RAMPTABLE_DCS1800_LID               666       1
NVRAM_EF_L1_RAMPTABLE_PCS1900_LID               666       1
NVRAM_EF_L1_EPSK_RAMPTABLE_GSM850_LID           666       1
NVRAM_EF_L1_EPSK_RAMPTABLE_GSM900_LID           666       1
NVRAM_EF_L1_EPSK_RAMPTABLE_DCS1800_LID          666       1
NVRAM_EF_L1_EPSK_RAMPTABLE_PCS1900_LID          666       1
NVRAM_EF_L1_EPSK_INTERSLOT_RAMP_GSM850_LID         66       1
NVRAM_EF_L1_EPSK_INTERSLOT_RAMP_GSM900_LID         66       1
NVRAM_EF_L1_EPSK_INTERSLOT_RAMP_DCS1800_LID         66       1
NVRAM_EF_L1_EPSK_INTERSLOT_RAMP_PCS1900_LID         66       1
NVRAM_EF_L1_AFCDATA_LID                          10       1
NVRAM_EF_L1_TXIQ_LID                             46       1
NVRAM_EF_L1_RFSPECIALCOEF_LID                   210       1
NVRAM_EF_L1_INTERSLOT_RAMP_GSM850_LID            18       1
NVRAM_EF_L1_INTERSLOT_RAMP_GSM900_LID            18       1
NVRAM_EF_L1_INTERSLOT_RAMP_DCS1800_LID           18       1
NVRAM_EF_L1_INTERSLOT_RAMP_PCS1900_LID           18       1
NVRAM_EF_L1_CRYSTAL_AFCDATA_LID                  34       1
NVRAM_EF_L1_CRYSTAL_CAPDATA_LID                   6       1
NVRAM_EF_L1_GMSK_TX_POWER_ROLLBACK_TABLE_LID         22       1
NVRAM_EF_L1_EPSK_TX_POWER_ROLLBACK_TABLE_LID         22       1
NVRAM_EF_L1_GMSK_TXPC_LID                       246       1
NVRAM_EF_L1_EPSK_TXPC_LID                       246       1
NVRAM_EF_L1_LNAPATHLOSS_LID                     132       1
NVRAM_EF_UL1_TEMP_DAC_LID                        18       1
NVRAM_EF_UL1_PATHLOSS_BAND1_LID                 722       1
NVRAM_EF_UL1_PATHLOSS_BAND2_LID                 722       1
NVRAM_EF_UL1_PATHLOSS_BAND3_LID                 722       1
NVRAM_EF_UL1_PATHLOSS_BAND4_LID                 722       1
NVRAM_EF_UL1_PATHLOSS_BAND5_LID                 722       1
NVRAM_EF_UL1_PATHLOSS_BAND6_LID                 722       1
NVRAM_EF_UL1_PATHLOSS_BAND7_LID                 722       1
NVRAM_EF_UL1_PATHLOSS_BAND8_LID                 722       1
NVRAM_EF_UL1_PATHLOSS_BAND9_LID                 722       1
NVRAM_EF_UL1_PATHLOSS_BAND10_LID                722       1
NVRAM_EF_UL1_TXDAC_BAND1_LID                    710       1
NVRAM_EF_UL1_TXDAC_BAND2_LID                    710       1
NVRAM_EF_UL1_TXDAC_BAND3_LID                    710       1
NVRAM_EF_UL1_TXDAC_BAND4_LID                    710       1
NVRAM_EF_UL1_TXDAC_BAND5_LID                    710       1
NVRAM_EF_UL1_TXDAC_BAND6_LID                    710       1
NVRAM_EF_UL1_TXDAC_BAND7_LID                    710       1
NVRAM_EF_UL1_TXDAC_BAND8_LID                    710       1
NVRAM_EF_UL1_TXDAC_BAND9_LID                    710       1
NVRAM_EF_UL1_TXDAC_BAND10_LID                   710       1
NVRAM_EF_ADC_LID                                106       1
NVRAM_EF_BARCODE_NUM_LID                         66       1
NVRAM_EF_CAL_FLAG_LID                           314       1
NVRAM_EF_CAL_DATA_CHECK_LID                    1354       2
NVRAM_EF_UL1_TXPAOCTLEV_BAND1_LID                98       1
NVRAM_EF_UL1_TXPAOCTLEV_BAND2_LID                98       1
NVRAM_EF_UL1_TXPAOCTLEV_BAND3_LID                98       1
NVRAM_EF_UL1_TXPAOCTLEV_BAND4_LID                98       1
NVRAM_EF_UL1_TXPAOCTLEV_BAND5_LID                98       1
NVRAM_EF_UL1_TXPAOCTLEV_BAND6_LID                98       1
NVRAM_EF_UL1_TXPAOCTLEV_BAND7_LID                98       1
NVRAM_EF_UL1_TXPAOCTLEV_BAND8_LID                98       1
NVRAM_EF_UL1_TXPAOCTLEV_BAND9_LID                98       1
NVRAM_EF_UL1_TXPAOCTLEV_BAND10_LID               98       1
NVRAM_EF_L1_2G_RF_PARAMETER_LID                 514       1
NVRAM_EF_UL1_3G_RF_PARAMETER_LID                270       1
NVRAM_EF_BAND_INFO_LID                           16       1
NVRAM_EF_TST_FILTER_LID                        1664       2
NVRAM_EF_PORT_SETTING_LID                        38       1
NVRAM_EF_PS_L2COPRO_FILTER_SETTINGS_LID          66       1
NVRAM_EF_CLASSMARK_RACAP_LID                     18       1
NVRAM_EF_SIM_ASSERT_LID                        1440       2
NVRAM_EF_RTC_DATA_LID                            18       1
NVRAM_EF_NET_PAR_LID                           8192       8
NVRAM_EF_UMTS_IMSI_LID                           26       1
NVRAM_EF_UMTS_START_HFN_LID                       8       1
NVRAM_EF_UMTS_USIME_RRC_DYNAMIC_CAP_LID          41       1
NVRAM_EF_L1_3G_CAL_DATA_LID                    8186       8
NVRAM_EF_UMTS_FREQUENCY_REPOSITORY_LID         2002       2
NVRAM_EF_CUST_HW_LEVEL_TBL_LID                  442       1
NVRAM_EF_UEM_MANUFACTURE_DATA_LID               242       1
NVRAM_EF_UEM_RMI_DATA_LID                       218       1
NVRAM_EF_CUST_ACOUSTIC_DATA_LID                 185       1
NVRAM_EF_AUDIO_PARAM_LID                       1942       2
NVRAM_EF_GPS_SETTING_DATA_LID                    50       1
NVRAM_EF_MNL_SETTING_DATA_LID                    18       1
NVRAM_EF_TCM_PDP_PROFILE_LID                   1620       2
NVRAM_EF_CFU_FLAG_LID                             8       1
NVRAM_EF_MM_EQPLMN_LOCIGPRS_LID                 228       1
NVRAM_EF_CTM_DEFAULT_SETTINGS_LID                16       1
NVRAM_EF_ALS_LINE_ID_LID                          8       1
NVRAM_EF_MSCAP_LID                               18       1
NVRAM_EF_SMSAL_SMS_LID                         3720       4
NVRAM_EF_SMSAL_MAILBOX_ADDR_LID                 144       1
NVRAM_EF_SMSAL_COMMON_PARAM_LID                  36       1
NVRAM_EF_SMSAL_SMSP_LID                         168       1
NVRAM_EF_SMSAL_MWIS_LID                          48       1
NVRAM_EF_CB_DEFAULT_CH_LID                       44       1
NVRAM_EF_CB_CH_INFO_LID                         232       1
NVRAM_EF_IMEI_IMEISV_LID                        120       1
NVRAM_EF_SML_LID                               3800       4
NVRAM_EF_SIM_LOCK_LID                           760       2
NVRAM_EF_MS_SECURITY_LID                         80       1
NVRAM_EF_PHB_LID                                880       1
NVRAM_EF_PHB_LN_ENTRY_LID                     11112      11
NVRAM_EF_PHB_LN_TYPE_SEQ_LID                    124       1
NVRAM_EF_PS_CONFORMANCE_TESTMODE_LID              6       1
NVRAM_EF_ABM_PS_QOS_PROFILE_LID                 116       1
NVRAM_EF_SYS_CACHE_OCTET_LID                    200       1
NVRAM_EF_RAC_PREFERENCE_LID                      18       1
NVRAM_EF_AUDIO_DC_CALIBRATION_LID                 4       1
NVRAM_EF_GIS_GPS_SETTING_DATA_LID                94       1
NVRAM_EF_AGPS_SETTING_LID                         3       1
NVRAM_EF_TIME_SYNC_SETTING_LID                    3       1
NVRAM_EF_AGPS_MTLR_LID                            3       1
NVRAM_EF_AGPS_SEND_LOCATION_LID                   3       1
NVRAM_EF_AGPS_CP_CONFIG_LID                      88       1
NVRAM_EF_EM_GPS_POS_TYPE_LID                      3       1
NVRAM_EF_SRV_REMINDER_Q_LID                     978       1
NVRAM_EF_GPS_MMI_SETTING_DATA_LID                 6       1
NVRAM_EF_GPS_MMI_SIM_DATA_LID                    10       1

TOTAL                                         80985     172
-----------------------------------------------------------

TOTAL                                             0       0
===========================================================

REPORT
===========================================================
Cluster Size (Bytes)                                   1024
Free Space (Clusters)                                  3956
Folders and Applications Requirement (Clusters)         178

RESULT: PASS!
3778 clusters are left (3778.0 KB = 3.69 MB)
